<?xml version="1.0" encoding="UTF-8"?>
<!-- Generated by org.testng.reporters.JUnitXMLReporter -->
<testsuite ignored="0" hostname="DESKTOP-E5D0OB9" failures="1" tests="2" name="Test" time="3.672" errors="0" timestamp="2025-12-19T22:53:46 IST">
  <testcase classname="Advanced.Add_Get_Book" name="addBook" time="3.298"/>
  <testcase classname="Advanced.Add_Get_Book" name="getBook" time="0.278">
    <failure type="java.lang.AssertionError" message="expected [book_f0f9a823-ca37-4d43-b7d1-d37ae0d56417227] but found [[book_f0f9a823-ca37-4d43-b7d1-d37ae0d56417]]">
      <![CDATA[java.lang.AssertionError: expected [book_f0f9a823-ca37-4d43-b7d1-d37ae0d56417227] but found [[book_f0f9a823-ca37-4d43-b7d1-d37ae0d56417]]
at Advanced.Add_Get_Book.getBook(Add_Get_Book.java:50)
at java.base/java.util.ArrayList.forEach(ArrayList.java:1596)
... Removed 31 stack frames]]>
    </failure>
  </testcase> <!-- getBook -->
</testsuite> <!-- Test -->
