<?xml version="1.0" encoding="UTF-8"?>
<!-- Generated by org.testng.reporters.JUnitXMLReporter -->
<testsuite ignored="0" hostname="DESKTOP-E5D0OB9" failures="1" tests="2" name="Test" time="3.667" errors="0" timestamp="2025-12-18T23:42:11 IST">
  <testcase classname="Advanced.Add_Get_Book" name="addBook" time="3.357"/>
  <testcase classname="Advanced.Add_Get_Book" name="getBook" time="0.216">
    <failure type="java.lang.AssertionError" message="expected [book_d7b367e8-397c-4926-9247-f2c8e73ab9bb227] but found [[book_d7b367e8-397c-4926-9247-f2c8e73ab9bb]]">
      <![CDATA[java.lang.AssertionError: expected [book_d7b367e8-397c-4926-9247-f2c8e73ab9bb227] but found [[book_d7b367e8-397c-4926-9247-f2c8e73ab9bb]]
at Advanced.Add_Get_Book.getBook(Add_Get_Book.java:50)
at java.base/java.util.ArrayList.forEach(ArrayList.java:1596)
... Removed 31 stack frames]]>
    </failure>
  </testcase> <!-- getBook -->
</testsuite> <!-- Test -->
