<?xml version="1.0" encoding="UTF-8"?>
<!-- Generated by org.testng.reporters.JUnitXMLReporter -->
<testsuite ignored="0" hostname="DESKTOP-E5D0OB9" failures="1" tests="1" name="Test" time="2.499" errors="0" timestamp="2025-12-18T01:45:26 IST">
  <testcase classname="basics.TestRequest3" name="getRequest" time="2.422">
    <failure type="java.lang.AssertionError" message="expected [200] but found [404]">
      <![CDATA[java.lang.AssertionError: expected [200] but found [404]
at basics.TestRequest3.getRequest(TestRequest3.java:25)
at java.base/java.util.ArrayList.forEach(ArrayList.java:1596)
... Removed 32 stack frames]]>
    </failure>
  </testcase> <!-- getRequest -->
</testsuite> <!-- Test -->
