<?xml version="1.0" encoding="UTF-8"?>
<testng-results ignored="0" total="1" passed="1" failed="0" skipped="0">
  <reporter-output>
  </reporter-output>
  <suite started-at="2025-12-21T15:22:24 IST" name="Default suite" finished-at="2025-12-21T15:22:29 IST" duration-ms="4892">
    <groups>
    </groups>
    <test started-at="2025-12-21T15:22:24 IST" name="Default test" finished-at="2025-12-21T15:22:29 IST" duration-ms="4892">
      <class name="jsonHandling.CreateUserUsingPOJO">
        <test-method signature="newUser()[pri:0, instance:jsonHandling.CreateUserUsingPOJO@8f4ea7c]" started-at="2025-12-21T15:22:25 IST" name="newUser" description="Test Data Using POJO" finished-at="2025-12-21T15:22:29 IST" duration-ms="4786" status="PASS">
          <reporter-output>
          </reporter-output>
        </test-method> <!-- newUser -->
      </class> <!-- jsonHandling.CreateUserUsingPOJO -->
    </test> <!-- Default test -->
  </suite> <!-- Default suite -->
</testng-results>
